<?xml version="1.0" encoding="UTF-8" ?>
<testsuites>
  <testsuite errors="0" failures="0" hostname="joshcaldwell-macbookpro2.roam.internal" id="0" name="MultiRegistryTest" package="com.google.appinventor.client" skipped="0" tests="2" time="0.06" timestamp="2025-02-15T04:38:21">
      <properties>
[...]
</properties>

      <testcase classname="com.google.appinventor.client.MultiRegistryTest" name="testObjects" time="0.002" />

      <testcase classname="com.google.appinventor.client.MultiRegistryTest" name="testClasses" time="0.001" />

      <system-out><![CDATA[]]></system-out>

      <system-err><![CDATA[]]></system-err>

  </testsuite>
  <testsuite errors="0" failures="0" hostname="joshcaldwell-macbookpro2.roam.internal" id="1" name="OdeTest" package="com.google.appinventor.client" skipped="0" tests="1" time="33.684" timestamp="2025-02-15T04:38:21">
      <properties>
[...]
</properties>

      <testcase classname="com.google.appinventor.client.OdeTest" name="testCompareLocales" time="33.683" />

      <system-out><![CDATA[Compiling module com.google.appinventor.YaClient.JUnit
   Computing all possible rebind results for 'com.google.gwt.logging.shared.RemoteLoggingService'
      Rebinding com.google.gwt.logging.shared.RemoteLoggingService
         Invoking generator com.google.appinventor.rebind.ExtendedServiceProxyGenerator
            Generating client proxy for remote service interface 'com.google.gwt.logging.shared.RemoteLoggingService'
               Analyzing 'com.google.gwt.logging.shared.RemoteLoggingService' for serializable types
                  Analyzing methods:
                     public abstract java.lang.String logOnServer(java.util.logging.LogRecord record)
                        Parameter: java.util.logging.LogRecord record
                           java.util.logging.LogRecord
                              Verifying instantiability
                                 java.util.logging.LogRecord
                                    Analyzing the fields of type 'java.util.logging.LogRecord' that qualify for serialization
                                       private java.lang.Throwable thrown
                                          java.lang.Throwable
                                             Verifying instantiability
                                                com.google.appinventor.client.editor.simple.ComponentNotFoundException
                                                   Analyzing the fields of type 'com.google.appinventor.client.editor.simple.ComponentNotFoundException' that qualify for serialization
                                                      [WARN] Field 'private final java.lang.String componentName' will not be serialized because it is final
      Rebinding com.google.gwt.logging.shared.RemoteLoggingService
         Invoking generator com.google.appinventor.rebind.ExtendedServiceProxyGenerator
            Generating client proxy for remote service interface 'com.google.gwt.logging.shared.RemoteLoggingService'
               Analyzing 'com.google.gwt.logging.shared.RemoteLoggingService' for serializable types
                  Analyzing methods:
                     public abstract java.lang.String logOnServer(java.util.logging.LogRecord record)
                        Parameter: java.util.logging.LogRecord record
                           java.util.logging.LogRecord
                              Verifying instantiability
                                 java.util.logging.LogRecord
                                    Analyzing the fields of type 'java.util.logging.LogRecord' that qualify for serialization
                                       private java.lang.Throwable thrown
                                          java.lang.Throwable
                                             Verifying instantiability
                                                com.google.appinventor.client.editor.simple.ComponentNotFoundException
                                                   Analyzing the fields of type 'com.google.appinventor.client.editor.simple.ComponentNotFoundException' that qualify for serialization
                                                      [WARN] Field 'private final java.lang.String componentName' will not be serialized because it is final
      Rebinding com.google.gwt.logging.shared.RemoteLoggingService
         Invoking generator com.google.appinventor.rebind.ExtendedServiceProxyGenerator
            Generating client proxy for remote service interface 'com.google.gwt.logging.shared.RemoteLoggingService'
               Analyzing 'com.google.gwt.logging.shared.RemoteLoggingService' for serializable types
                  Analyzing methods:
                     public abstract java.lang.String logOnServer(java.util.logging.LogRecord record)
                        Parameter: java.util.logging.LogRecord record
                           java.util.logging.LogRecord
                              Verifying instantiability
                                 java.util.logging.LogRecord
                                    Analyzing the fields of type 'java.util.logging.LogRecord' that qualify for serialization
                                       private java.lang.Throwable thrown
                                          java.lang.Throwable
                                             Verifying instantiability
                                                com.google.appinventor.client.editor.simple.ComponentNotFoundException
                                                   Analyzing the fields of type 'com.google.appinventor.client.editor.simple.ComponentNotFoundException' that qualify for serialization
                                                      [WARN] Field 'private final java.lang.String componentName' will not be serialized because it is final
      Rebinding com.google.gwt.logging.shared.RemoteLoggingService
         Invoking generator com.google.appinventor.rebind.ExtendedServiceProxyGenerator
            Generating client proxy for remote service interface 'com.google.gwt.logging.shared.RemoteLoggingService'
               Analyzing 'com.google.gwt.logging.shared.RemoteLoggingService' for serializable types
                  Analyzing methods:
                     public abstract java.lang.String logOnServer(java.util.logging.LogRecord record)
                        Parameter: java.util.logging.LogRecord record
                           java.util.logging.LogRecord
                              Verifying instantiability
                                 java.util.logging.LogRecord
                                    Analyzing the fields of type 'java.util.logging.LogRecord' that qualify for serialization
                                       private java.lang.Throwable thrown
                                          java.lang.Throwable
                                             Verifying instantiability
                                                com.google.appinventor.client.editor.simple.ComponentNotFoundException
                                                   Analyzing the fields of type 'com.google.appinventor.client.editor.simple.ComponentNotFoundException' that qualify for serialization
                                                      [WARN] Field 'private final java.lang.String componentName' will not be serialized because it is final
      Rebinding com.google.gwt.logging.shared.RemoteLoggingService
         Invoking generator com.google.appinventor.rebind.ExtendedServiceProxyGenerator
            Generating client proxy for remote service interface 'com.google.gwt.logging.shared.RemoteLoggingService'
               Analyzing 'com.google.gwt.logging.shared.RemoteLoggingService' for serializable types
                  Analyzing methods:
                     public abstract java.lang.String logOnServer(java.util.logging.LogRecord record)
                        Parameter: java.util.logging.LogRecord record
                           java.util.logging.LogRecord
                              Verifying instantiability
                                 java.util.logging.LogRecord
                                    Analyzing the fields of type 'java.util.logging.LogRecord' that qualify for serialization
                                       private java.lang.Throwable thrown
                                          java.lang.Throwable
                                             Verifying instantiability
                                                com.google.appinventor.client.editor.simple.ComponentNotFoundException
                                                   Analyzing the fields of type 'com.google.appinventor.client.editor.simple.ComponentNotFoundException' that qualify for serialization
                                                      [WARN] Field 'private final java.lang.String componentName' will not be serialized because it is final
      Rebinding com.google.gwt.logging.shared.RemoteLoggingService
         Invoking generator com.google.appinventor.rebind.ExtendedServiceProxyGenerator
            Generating client proxy for remote service interface 'com.google.gwt.logging.shared.RemoteLoggingService'
               Analyzing 'com.google.gwt.logging.shared.RemoteLoggingService' for serializable types
                  Analyzing methods:
                     public abstract java.lang.String logOnServer(java.util.logging.LogRecord record)
                        Parameter: java.util.logging.LogRecord record
                           java.util.logging.LogRecord
                              Verifying instantiability
                                 java.util.logging.LogRecord
                                    Analyzing the fields of type 'java.util.logging.LogRecord' that qualify for serialization
                                       private java.lang.Throwable thrown
                                          java.lang.Throwable
                                             Verifying instantiability
                                                com.google.appinventor.client.editor.simple.ComponentNotFoundException
                                                   Analyzing the fields of type 'com.google.appinventor.client.editor.simple.ComponentNotFoundException' that qualify for serialization
                                                      [WARN] Field 'private final java.lang.String componentName' will not be serialized because it is final
      Rebinding com.google.gwt.logging.shared.RemoteLoggingService
         Invoking generator com.google.appinventor.rebind.ExtendedServiceProxyGenerator
            Generating client proxy for remote service interface 'com.google.gwt.logging.shared.RemoteLoggingService'
               Analyzing 'com.google.gwt.logging.shared.RemoteLoggingService' for serializable types
                  Analyzing methods:
                     public abstract java.lang.String logOnServer(java.util.logging.LogRecord record)
                        Parameter: java.util.logging.LogRecord record
                           java.util.logging.LogRecord
                              Verifying instantiability
                                 java.util.logging.LogRecord
                                    Analyzing the fields of type 'java.util.logging.LogRecord' that qualify for serialization
                                       private java.lang.Throwable thrown
                                          java.lang.Throwable
                                             Verifying instantiability
                                                com.google.appinventor.client.editor.simple.ComponentNotFoundException
                                                   Analyzing the fields of type 'com.google.appinventor.client.editor.simple.ComponentNotFoundException' that qualify for serialization
                                                      [WARN] Field 'private final java.lang.String componentName' will not be serialized because it is final
      Rebinding com.google.gwt.logging.shared.RemoteLoggingService
         Invoking generator com.google.appinventor.rebind.ExtendedServiceProxyGenerator
            Generating client proxy for remote service interface 'com.google.gwt.logging.shared.RemoteLoggingService'
               Analyzing 'com.google.gwt.logging.shared.RemoteLoggingService' for serializable types
                  Analyzing methods:
                     public abstract java.lang.String logOnServer(java.util.logging.LogRecord record)
                        Parameter: java.util.logging.LogRecord record
                           java.util.logging.LogRecord
                              Verifying instantiability
                                 java.util.logging.LogRecord
                                    Analyzing the fields of type 'java.util.logging.LogRecord' that qualify for serialization
                                       private java.lang.Throwable thrown
                                          java.lang.Throwable
                                             Verifying instantiability
                                                com.google.appinventor.client.editor.simple.ComponentNotFoundException
                                                   Analyzing the fields of type 'com.google.appinventor.client.editor.simple.ComponentNotFoundException' that qualify for serialization
                                                      [WARN] Field 'private final java.lang.String componentName' will not be serialized because it is final
      Rebinding com.google.gwt.logging.shared.RemoteLoggingService
         Invoking generator com.google.appinventor.rebind.ExtendedServiceProxyGenerator
            Generating client proxy for remote service interface 'com.google.gwt.logging.shared.RemoteLoggingService'
               Analyzing 'com.google.gwt.logging.shared.RemoteLoggingService' for serializable types
                  Analyzing methods:
                     public abstract java.lang.String logOnServer(java.util.logging.LogRecord record)
                        Parameter: java.util.logging.LogRecord record
                           java.util.logging.LogRecord
                              Verifying instantiability
                                 java.util.logging.LogRecord
                                    Analyzing the fields of type 'java.util.logging.LogRecord' that qualify for serialization
                                       private java.lang.Throwable thrown
                                          java.lang.Throwable
                                             Verifying instantiability
                                                com.google.appinventor.client.editor.simple.ComponentNotFoundException
                                                   Analyzing the fields of type 'com.google.appinventor.client.editor.simple.ComponentNotFoundException' that qualify for serialization
                                                      [WARN] Field 'private final java.lang.String componentName' will not be serialized because it is final
      Rebinding com.google.gwt.logging.shared.RemoteLoggingService
         Invoking generator com.google.appinventor.rebind.ExtendedServiceProxyGenerator
            Generating client proxy for remote service interface 'com.google.gwt.logging.shared.RemoteLoggingService'
               Analyzing 'com.google.gwt.logging.shared.RemoteLoggingService' for serializable types
                  Analyzing methods:
                     public abstract java.lang.String logOnServer(java.util.logging.LogRecord record)
                        Parameter: java.util.logging.LogRecord record
                           java.util.logging.LogRecord
                              Verifying instantiability
                                 java.util.logging.LogRecord
                                    Analyzing the fields of type 'java.util.logging.LogRecord' that qualify for serialization
                                       private java.lang.Throwable thrown
                                          java.lang.Throwable
                                             Verifying instantiability
                                                com.google.appinventor.client.editor.simple.ComponentNotFoundException
                                                   Analyzing the fields of type 'com.google.appinventor.client.editor.simple.ComponentNotFoundException' that qualify for serialization
                                                      [WARN] Field 'private final java.lang.String componentName' will not be serialized because it is final
      Rebinding com.google.gwt.logging.shared.RemoteLoggingService
         Invoking generator com.google.appinventor.rebind.ExtendedServiceProxyGenerator
            Generating client proxy for remote service interface 'com.google.gwt.logging.shared.RemoteLoggingService'
               Analyzing 'com.google.gwt.logging.shared.RemoteLoggingService' for serializable types
                  Analyzing methods:
                     public abstract java.lang.String logOnServer(java.util.logging.LogRecord record)
                        Parameter: java.util.logging.LogRecord record
                           java.util.logging.LogRecord
                              Verifying instantiability
                                 java.util.logging.LogRecord
                                    Analyzing the fields of type 'java.util.logging.LogRecord' that qualify for serialization
                                       private java.lang.Throwable thrown
                                          java.lang.Throwable
                                             Verifying instantiability
                                                com.google.appinventor.client.editor.simple.ComponentNotFoundException
                                                   Analyzing the fields of type 'com.google.appinventor.client.editor.simple.ComponentNotFoundException' that qualify for serialization
                                                      [WARN] Field 'private final java.lang.String componentName' will not be serialized because it is final
      Rebinding com.google.gwt.logging.shared.RemoteLoggingService
         Invoking generator com.google.appinventor.rebind.ExtendedServiceProxyGenerator
            Generating client proxy for remote service interface 'com.google.gwt.logging.shared.RemoteLoggingService'
               Analyzing 'com.google.gwt.logging.shared.RemoteLoggingService' for serializable types
                  Analyzing methods:
                     public abstract java.lang.String logOnServer(java.util.logging.LogRecord record)
                        Parameter: java.util.logging.LogRecord record
                           java.util.logging.LogRecord
                              Verifying instantiability
                                 java.util.logging.LogRecord
                                    Analyzing the fields of type 'java.util.logging.LogRecord' that qualify for serialization
                                       private java.lang.Throwable thrown
                                          java.lang.Throwable
                                             Verifying instantiability
                                                com.google.appinventor.client.editor.simple.ComponentNotFoundException
                                                   Analyzing the fields of type 'com.google.appinventor.client.editor.simple.ComponentNotFoundException' that qualify for serialization
                                                      [WARN] Field 'private final java.lang.String componentName' will not be serialized because it is final
      Rebinding com.google.gwt.logging.shared.RemoteLoggingService
         Invoking generator com.google.appinventor.rebind.ExtendedServiceProxyGenerator
            Generating client proxy for remote service interface 'com.google.gwt.logging.shared.RemoteLoggingService'
               Analyzing 'com.google.gwt.logging.shared.RemoteLoggingService' for serializable types
                  Analyzing methods:
                     public abstract java.lang.String logOnServer(java.util.logging.LogRecord record)
                        Parameter: java.util.logging.LogRecord record
                           java.util.logging.LogRecord
                              Verifying instantiability
                                 java.util.logging.LogRecord
                                    Analyzing the fields of type 'java.util.logging.LogRecord' that qualify for serialization
                                       private java.lang.Throwable thrown
                                          java.lang.Throwable
                                             Verifying instantiability
                                                com.google.appinventor.client.editor.simple.ComponentNotFoundException
                                                   Analyzing the fields of type 'com.google.appinventor.client.editor.simple.ComponentNotFoundException' that qualify for serialization
                                                      [WARN] Field 'private final java.lang.String componentName' will not be serialized because it is final
      Rebinding com.google.gwt.logging.shared.RemoteLoggingService
         Invoking generator com.google.appinventor.rebind.ExtendedServiceProxyGenerator
            Generating client proxy for remote service interface 'com.google.gwt.logging.shared.RemoteLoggingService'
               Analyzing 'com.google.gwt.logging.shared.RemoteLoggingService' for serializable types
                  Analyzing methods:
                     public abstract java.lang.String logOnServer(java.util.logging.LogRecord record)
                        Parameter: java.util.logging.LogRecord record
                           java.util.logging.LogRecord
                              Verifying instantiability
                                 java.util.logging.LogRecord
                                    Analyzing the fields of type 'java.util.logging.LogRecord' that qualify for serialization
                                       private java.lang.Throwable thrown
                                          java.lang.Throwable
                                             Verifying instantiability
                                                com.google.appinventor.client.editor.simple.ComponentNotFoundException
                                                   Analyzing the fields of type 'com.google.appinventor.client.editor.simple.ComponentNotFoundException' that qualify for serialization
                                                      [WARN] Field 'private final java.lang.String componentName' will not be serialized because it is final
      Rebinding com.google.gwt.logging.shared.RemoteLoggingService
         Invoking generator com.google.appinventor.rebind.ExtendedServiceProxyGenerator
            Generating client proxy for remote service interface 'com.google.gwt.logging.shared.RemoteLoggingService'
               Analyzing 'com.google.gwt.logging.shared.RemoteLoggingService' for serializable types
                  Analyzing methods:
                     public abstract java.lang.String logOnServer(java.util.logging.LogRecord record)
                        Parameter: java.util.logging.LogRecord record
                           java.util.logging.LogRecord
                              Verifying instantiability
                                 java.util.logging.LogRecord
                                    Analyzing the fields of type 'java.util.logging.LogRecord' that qualify for serialization
                                       private java.lang.Throwable thrown
                                          java.lang.Throwable
                                             Verifying instantiability
                                                com.google.appinventor.client.editor.simple.ComponentNotFoundException
                                                   Analyzing the fields of type 'com.google.appinventor.client.editor.simple.ComponentNotFoundException' that qualify for serialization
                                                      [WARN] Field 'private final java.lang.String componentName' will not be serialized because it is final
      Rebinding com.google.gwt.logging.shared.RemoteLoggingService
         Invoking generator com.google.appinventor.rebind.ExtendedServiceProxyGenerator
            Generating client proxy for remote service interface 'com.google.gwt.logging.shared.RemoteLoggingService'
               Analyzing 'com.google.gwt.logging.shared.RemoteLoggingService' for serializable types
                  Analyzing methods:
                     public abstract java.lang.String logOnServer(java.util.logging.LogRecord record)
                        Parameter: java.util.logging.LogRecord record
                           java.util.logging.LogRecord
                              Verifying instantiability
                                 java.util.logging.LogRecord
                                    Analyzing the fields of type 'java.util.logging.LogRecord' that qualify for serialization
                                       private java.lang.Throwable thrown
                                          java.lang.Throwable
                                             Verifying instantiability
                                                com.google.appinventor.client.editor.simple.ComponentNotFoundException
                                                   Analyzing the fields of type 'com.google.appinventor.client.editor.simple.ComponentNotFoundException' that qualify for serialization
                                                      [WARN] Field 'private final java.lang.String componentName' will not be serialized because it is final
      Rebinding com.google.gwt.logging.shared.RemoteLoggingService
         Invoking generator com.google.appinventor.rebind.ExtendedServiceProxyGenerator
            Generating client proxy for remote service interface 'com.google.gwt.logging.shared.RemoteLoggingService'
               Analyzing 'com.google.gwt.logging.shared.RemoteLoggingService' for serializable types
                  Analyzing methods:
                     public abstract java.lang.String logOnServer(java.util.logging.LogRecord record)
                        Parameter: java.util.logging.LogRecord record
                           java.util.logging.LogRecord
                              Verifying instantiability
                                 java.util.logging.LogRecord
                                    Analyzing the fields of type 'java.util.logging.LogRecord' that qualify for serialization
                                       private java.lang.Throwable thrown
                                          java.lang.Throwable
                                             Verifying instantiability
                                                com.google.appinventor.client.editor.simple.ComponentNotFoundException
                                                   Analyzing the fields of type 'com.google.appinventor.client.editor.simple.ComponentNotFoundException' that qualify for serialization
                                                      [WARN] Field 'private final java.lang.String componentName' will not be serialized because it is final
      Rebinding com.google.gwt.logging.shared.RemoteLoggingService
         Invoking generator com.google.appinventor.rebind.ExtendedServiceProxyGenerator
            Generating client proxy for remote service interface 'com.google.gwt.logging.shared.RemoteLoggingService'
               Analyzing 'com.google.gwt.logging.shared.RemoteLoggingService' for serializable types
                  Analyzing methods:
                     public abstract java.lang.String logOnServer(java.util.logging.LogRecord record)
                        Parameter: java.util.logging.LogRecord record
                           java.util.logging.LogRecord
                              Verifying instantiability
                                 java.util.logging.LogRecord
                                    Analyzing the fields of type 'java.util.logging.LogRecord' that qualify for serialization
                                       private java.lang.Throwable thrown
                                          java.lang.Throwable
                                             Verifying instantiability
                                                com.google.appinventor.client.editor.simple.ComponentNotFoundException
                                                   Analyzing the fields of type 'com.google.appinventor.client.editor.simple.ComponentNotFoundException' that qualify for serialization
                                                      [WARN] Field 'private final java.lang.String componentName' will not be serialized because it is final
      Rebinding com.google.gwt.logging.shared.RemoteLoggingService
         Invoking generator com.google.appinventor.rebind.ExtendedServiceProxyGenerator
            Generating client proxy for remote service interface 'com.google.gwt.logging.shared.RemoteLoggingService'
               Analyzing 'com.google.gwt.logging.shared.RemoteLoggingService' for serializable types
                  Analyzing methods:
                     public abstract java.lang.String logOnServer(java.util.logging.LogRecord record)
                        Parameter: java.util.logging.LogRecord record
                           java.util.logging.LogRecord
                              Verifying instantiability
                                 java.util.logging.LogRecord
                                    Analyzing the fields of type 'java.util.logging.LogRecord' that qualify for serialization
                                       private java.lang.Throwable thrown
                                          java.lang.Throwable
                                             Verifying instantiability
                                                com.google.appinventor.client.editor.simple.ComponentNotFoundException
                                                   Analyzing the fields of type 'com.google.appinventor.client.editor.simple.ComponentNotFoundException' that qualify for serialization
                                                      [WARN] Field 'private final java.lang.String componentName' will not be serialized because it is final
      Rebinding com.google.gwt.logging.shared.RemoteLoggingService
         Invoking generator com.google.appinventor.rebind.ExtendedServiceProxyGenerator
            Generating client proxy for remote service interface 'com.google.gwt.logging.shared.RemoteLoggingService'
               Analyzing 'com.google.gwt.logging.shared.RemoteLoggingService' for serializable types
                  Analyzing methods:
                     public abstract java.lang.String logOnServer(java.util.logging.LogRecord record)
                        Parameter: java.util.logging.LogRecord record
                           java.util.logging.LogRecord
                              Verifying instantiability
                                 java.util.logging.LogRecord
                                    Analyzing the fields of type 'java.util.logging.LogRecord' that qualify for serialization
                                       private java.lang.Throwable thrown
                                          java.lang.Throwable
                                             Verifying instantiability
                                                com.google.appinventor.client.editor.simple.ComponentNotFoundException
                                                   Analyzing the fields of type 'com.google.appinventor.client.editor.simple.ComponentNotFoundException' that qualify for serialization
                                                      [WARN] Field 'private final java.lang.String componentName' will not be serialized because it is final
]]></system-out>

      <system-err><![CDATA[log4j:WARN No appenders could be found for logger (com.gargoylesoftware.htmlunit.WebClient).
log4j:WARN Please initialize the log4j system properly.
]]></system-err>

  </testsuite>
  <testsuite errors="0" failures="0" hostname="joshcaldwell-macbookpro2.roam.internal" id="2" name="RegistryTest" package="com.google.appinventor.client" skipped="0" tests="2" time="0.006" timestamp="2025-02-15T04:38:55">
      <properties>
[...]
</properties>

      <testcase classname="com.google.appinventor.client.RegistryTest" name="testObjects" time="0.003" />

      <testcase classname="com.google.appinventor.client.RegistryTest" name="testClasses" time="0.0" />

      <system-out><![CDATA[]]></system-out>

      <system-err><![CDATA[]]></system-err>

  </testsuite>
  <testsuite errors="0" failures="0" hostname="joshcaldwell-macbookpro2.roam.internal" id="3" name="ComponentDatabaseTest" package="com.google.appinventor.client.editor.simple" skipped="0" tests="1" time="0.052" timestamp="2025-02-15T04:38:55">
      <properties>
[...]
</properties>

      <testcase classname="com.google.appinventor.client.editor.simple.ComponentDatabaseTest" name="testComponentDatabase" time="0.052" />

      <system-out><![CDATA[]]></system-out>

      <system-err><![CDATA[]]></system-err>

  </testsuite>
  <testsuite errors="0" failures="0" hostname="joshcaldwell-macbookpro2.roam.internal" id="4" name="ListWithNoneTest" package="com.google.appinventor.client.editor.youngandroid.properties" skipped="0" tests="9" time="0.003" timestamp="2025-02-15T04:38:55">
      <properties>
[...]
</properties>

      <testcase classname="com.google.appinventor.client.editor.youngandroid.properties.ListWithNoneTest" name="testAddItem" time="0.0" />

      <testcase classname="com.google.appinventor.client.editor.youngandroid.properties.ListWithNoneTest" name="testSelectValue" time="0.0" />

      <testcase classname="com.google.appinventor.client.editor.youngandroid.properties.ListWithNoneTest" name="testRemoveValue" time="0.0" />

      <testcase classname="com.google.appinventor.client.editor.youngandroid.properties.ListWithNoneTest" name="testGetValueAtIndex" time="0.0" />

      <testcase classname="com.google.appinventor.client.editor.youngandroid.properties.ListWithNoneTest" name="testIndexOfValue" time="0.0" />

      <testcase classname="com.google.appinventor.client.editor.youngandroid.properties.ListWithNoneTest" name="testContainsValue" time="0.0" />

      <testcase classname="com.google.appinventor.client.editor.youngandroid.properties.ListWithNoneTest" name="testNew" time="0.0" />

      <testcase classname="com.google.appinventor.client.editor.youngandroid.properties.ListWithNoneTest" name="testGetDisplayItemForValue" time="0.0" />

      <testcase classname="com.google.appinventor.client.editor.youngandroid.properties.ListWithNoneTest" name="testAddItemWithDifferentDisplayItem" time="0.0" />

      <system-out><![CDATA[]]></system-out>

      <system-err><![CDATA[]]></system-err>

  </testsuite>
  <testsuite errors="0" failures="0" hostname="joshcaldwell-macbookpro2.roam.internal" id="5" name="ProjectComparatorsTest" package="com.google.appinventor.client.explorer.project" skipped="0" tests="6" time="0.005" timestamp="2025-02-15T04:38:55">
      <properties>
[...]
</properties>

      <testcase classname="com.google.appinventor.client.explorer.project.ProjectComparatorsTest" name="testCompareByNameDescending" time="0.003" />

      <testcase classname="com.google.appinventor.client.explorer.project.ProjectComparatorsTest" name="testCompareByDateCreatedAscending" time="0.0" />

      <testcase classname="com.google.appinventor.client.explorer.project.ProjectComparatorsTest" name="testCompareByNameAscending" time="0.0" />

      <testcase classname="com.google.appinventor.client.explorer.project.ProjectComparatorsTest" name="testCompareByDateDescending" time="0.0" />

      <testcase classname="com.google.appinventor.client.explorer.project.ProjectComparatorsTest" name="testCompareByDateModifiedAscending" time="0.0" />

      <testcase classname="com.google.appinventor.client.explorer.project.ProjectComparatorsTest" name="testCompareByDateModifiedDescending" time="0.0" />

      <system-out><![CDATA[]]></system-out>

      <system-err><![CDATA[]]></system-err>

  </testsuite>
  <testsuite errors="0" failures="0" hostname="joshcaldwell-macbookpro2.roam.internal" id="6" name="TextValidatorsTest" package="com.google.appinventor.client.youngandroid" skipped="0" tests="3" time="0.002" timestamp="2025-02-15T04:38:55">
      <properties>
[...]
</properties>

      <testcase classname="com.google.appinventor.client.youngandroid.TextValidatorsTest" name="testIdentifierFilter" time="0.001" />

      <testcase classname="com.google.appinventor.client.youngandroid.TextValidatorsTest" name="testReservedNameFilter" time="0.0" />

      <testcase classname="com.google.appinventor.client.youngandroid.TextValidatorsTest" name="testComponentIdentifierFilter" time="0.0" />

      <system-out><![CDATA[]]></system-out>

      <system-err><![CDATA[]]></system-err>

  </testsuite>
  <testsuite errors="0" failures="0" hostname="joshcaldwell-macbookpro2.roam.internal" id="7" name="ComponentServiceTest" package="com.google.appinventor.server" skipped="0" tests="20" time="1.07" timestamp="2025-02-15T04:38:57">
      <properties>
[...]
</properties>

      <testcase classname="com.google.appinventor.server.ComponentServiceTest" name="testBadComponentJson" time="0.361" />

      <testcase classname="com.google.appinventor.server.ComponentServiceTest" name="testBadExtensionFile" time="0.007" />

      <testcase classname="com.google.appinventor.server.ComponentServiceTest" name="testLoadExtensionBundle" time="0.057" />

      <testcase classname="com.google.appinventor.server.ComponentServiceTest" name="testLoadSingleExtension" time="0.034" />

      <testcase classname="com.google.appinventor.server.ComponentServiceTest" name="testUpgradeExtensionSingleToSingle" time="0.073" />

      <testcase classname="com.google.appinventor.server.ComponentServiceTest" name="testLoadMultipleExtensionBundle" time="0.026" />

      <testcase classname="com.google.appinventor.server.ComponentServiceTest" name="testUpgradeExtensionSingleToTransition" time="0.043" />

      <testcase classname="com.google.appinventor.server.ComponentServiceTest" name="testUpgradeExtensionSingleToBundle" time="0.042" />

      <testcase classname="com.google.appinventor.server.ComponentServiceTest" name="testDowngradeExtensionBundleToBundle" time="0.024" />

      <testcase classname="com.google.appinventor.server.ComponentServiceTest" name="testUpgradeExtensionBundleToBundle" time="0.075" />

      <testcase classname="com.google.appinventor.server.ComponentServiceTest" name="testUpgradeTransitionToTransition" time="0.03" />

      <testcase classname="com.google.appinventor.server.ComponentServiceTest" name="testUpgradeTransitionExtensionToBundle" time="0.03" />

      <testcase classname="com.google.appinventor.server.ComponentServiceTest" name="testReversedFilesExtension" time="0.025" />

      <testcase classname="com.google.appinventor.server.ComponentServiceTest" name="testUpgradeManyOldExtensionsToOneBundle" time="0.074" />

      <testcase classname="com.google.appinventor.server.ComponentServiceTest" name="testEmptyComponentDescriptors" time="0.003" />

      <testcase classname="com.google.appinventor.server.ComponentServiceTest" name="testNoComponentDescriptor" time="0.003" />

      <testcase classname="com.google.appinventor.server.ComponentServiceTest" name="testDowngradeExtensionBundleToOldExtension" time="0.017" />

      <testcase classname="com.google.appinventor.server.ComponentServiceTest" name="testUpgradeIfProjectMissingComponentsJson" time="0.024" />

      <testcase classname="com.google.appinventor.server.ComponentServiceTest" name="testOkayIfPackageCollisionButNoOverlappingTypes" time="0.042" />

      <testcase classname="com.google.appinventor.server.ComponentServiceTest" name="testFailIfPackageCollisionWithDifferingComponents" time="0.014" />

      <system-out><![CDATA[]]></system-out>

      <system-err><![CDATA[Feb 15, 2025 4:38:57 AM com.google.appengine.api.datastore.dev.LocalDatastoreService init
INFO: Local Datastore initialized: 
	Type: High Replication
	Storage: In-memory
Feb 15, 2025 4:38:57 AM com.google.appinventor.server.storage.ObjectifyStorageIo <clinit>
INFO: Default GCS Bucket Configured from App Identity: app_default_bucket
Feb 15, 2025 4:38:57 AM com.google.appengine.api.datastore.dev.LocalDatastoreService init
INFO: Local Datastore initialized: 
	Type: High Replication
	Storage: In-memory
Feb 15, 2025 4:38:57 AM com.google.appengine.api.datastore.dev.LocalDatastoreService init
INFO: Local Datastore initialized: 
	Type: High Replication
	Storage: In-memory
Feb 15, 2025 4:38:57 AM com.google.appengine.api.datastore.dev.LocalDatastoreService init
INFO: Local Datastore initialized: 
	Type: High Replication
	Storage: In-memory
Feb 15, 2025 4:38:57 AM com.google.appengine.api.datastore.dev.LocalDatastoreService init
INFO: Local Datastore initialized: 
	Type: High Replication
	Storage: In-memory
Feb 15, 2025 4:38:57 AM com.google.appinventor.server.storage.ObjectifyStorageIo$1 run
INFO: Did not find userId 1
Feb 15, 2025 4:38:57 AM com.google.appengine.api.datastore.dev.LocalDatastoreService init
INFO: Local Datastore initialized: 
	Type: High Replication
	Storage: In-memory
Feb 15, 2025 4:38:57 AM com.google.appengine.api.datastore.dev.LocalDatastoreService init
INFO: Local Datastore initialized: 
	Type: High Replication
	Storage: In-memory
Feb 15, 2025 4:38:57 AM com.google.appinventor.server.storage.ObjectifyStorageIo$1 run
INFO: Did not find userId 1
Feb 15, 2025 4:38:57 AM com.google.appengine.api.datastore.dev.LocalDatastoreService init
INFO: Local Datastore initialized: 
	Type: High Replication
	Storage: In-memory
Feb 15, 2025 4:38:57 AM com.google.appinventor.server.storage.ObjectifyStorageIo$1 run
INFO: Did not find userId 1
Feb 15, 2025 4:38:57 AM com.google.appengine.api.datastore.dev.LocalDatastoreService init
INFO: Local Datastore initialized: 
	Type: High Replication
	Storage: In-memory
Feb 15, 2025 4:38:57 AM com.google.appengine.api.datastore.dev.LocalDatastoreService init
INFO: Local Datastore initialized: 
	Type: High Replication
	Storage: In-memory
Feb 15, 2025 4:38:58 AM com.google.appengine.api.datastore.dev.LocalDatastoreService init
INFO: Local Datastore initialized: 
	Type: High Replication
	Storage: In-memory
Feb 15, 2025 4:38:58 AM com.google.appengine.api.datastore.dev.LocalDatastoreService init
INFO: Local Datastore initialized: 
	Type: High Replication
	Storage: In-memory
Feb 15, 2025 4:38:58 AM com.google.appengine.api.datastore.dev.LocalDatastoreService init
INFO: Local Datastore initialized: 
	Type: High Replication
	Storage: In-memory
Feb 15, 2025 4:38:58 AM com.google.appengine.api.datastore.dev.LocalDatastoreService init
INFO: Local Datastore initialized: 
	Type: High Replication
	Storage: In-memory
Feb 15, 2025 4:38:58 AM com.google.appengine.api.datastore.dev.LocalDatastoreService init
INFO: Local Datastore initialized: 
	Type: High Replication
	Storage: In-memory
Feb 15, 2025 4:38:58 AM com.google.appengine.api.datastore.dev.LocalDatastoreService init
INFO: Local Datastore initialized: 
	Type: High Replication
	Storage: In-memory
Feb 15, 2025 4:38:58 AM com.google.appengine.api.datastore.dev.LocalDatastoreService init
INFO: Local Datastore initialized: 
	Type: High Replication
	Storage: In-memory
Feb 15, 2025 4:38:58 AM com.google.appengine.api.datastore.dev.LocalDatastoreService init
INFO: Local Datastore initialized: 
	Type: High Replication
	Storage: In-memory
Feb 15, 2025 4:38:58 AM com.google.appinventor.server.storage.ObjectifyStorageIo$1 run
INFO: Did not find userId 1
Feb 15, 2025 4:38:58 AM com.google.appengine.api.datastore.dev.LocalDatastoreService init
INFO: Local Datastore initialized: 
	Type: High Replication
	Storage: In-memory
Feb 15, 2025 4:38:58 AM com.google.appengine.api.datastore.dev.LocalDatastoreService init
INFO: Local Datastore initialized: 
	Type: High Replication
	Storage: In-memory
An extension containing test already exists on the server but could not be upgraded. The new extension was not loaded.
]]></system-err>

  </testsuite>
  <testsuite errors="0" failures="0" hostname="joshcaldwell-macbookpro2.roam.internal" id="8" name="DownloadServletTest" package="com.google.appinventor.server" skipped="0" tests="10" time="0.25" timestamp="2025-02-15T04:38:58">
      <properties>
[...]
</properties>

      <testcase classname="com.google.appinventor.server.DownloadServletTest" name="testDownloadFile" time="0.067" />

      <testcase classname="com.google.appinventor.server.DownloadServletTest" name="testDownloadProjectSourceZipWithoutTitle" time="0.001" />

      <testcase classname="com.google.appinventor.server.DownloadServletTest" name="testDownloadProjectSourceZipWithTitle" time="0.007" />

      <testcase classname="com.google.appinventor.server.DownloadServletTest" name="testDownloadProjectOutputFileWithTarget" time="0.005" />

      <testcase classname="com.google.appinventor.server.DownloadServletTest" name="testDownloadFileWithNonExistingProject" time="0.004" />

      <testcase classname="com.google.appinventor.server.DownloadServletTest" name="testDownloadFileWithNonExistingFile" time="0.001" />

      <testcase classname="com.google.appinventor.server.DownloadServletTest" name="testDownloadProjectSourceZipWithNonExistingProject" time="0.001" />

      <testcase classname="com.google.appinventor.server.DownloadServletTest" name="testDownloadProjectOutputFileWithoutTarget" time="0.002" />

      <testcase classname="com.google.appinventor.server.DownloadServletTest" name="testDownloadProjectOutputFileWithNonExistingProject" time="0.001" />

      <testcase classname="com.google.appinventor.server.DownloadServletTest" name="testDownloadProjectOutputFileWithNonExistingTarget" time="0.002" />

      <system-out><![CDATA[]]></system-out>

      <system-err><![CDATA[]]></system-err>

  </testsuite>
  <testsuite errors="0" failures="0" hostname="joshcaldwell-macbookpro2.roam.internal" id="9" name="FileExporterImplTest" package="com.google.appinventor.server" skipped="0" tests="7" time="0.068" timestamp="2025-02-15T04:38:58">
      <properties>
[...]
</properties>

      <testcase classname="com.google.appinventor.server.FileExporterImplTest" name="testExportFile" time="0.014" />

      <testcase classname="com.google.appinventor.server.FileExporterImplTest" name="testExportProjectSourceZipWithoutHistory" time="0.011" />

      <testcase classname="com.google.appinventor.server.FileExporterImplTest" name="testExportProjectSourceZipWithHistory" time="0.01" />

      <testcase classname="com.google.appinventor.server.FileExporterImplTest" name="testExportProjectOutputFileWithTarget" time="0.011" />

      <testcase classname="com.google.appinventor.server.FileExporterImplTest" name="testExportFileWithNonExistingFile" time="0.01" />

      <testcase classname="com.google.appinventor.server.FileExporterImplTest" name="testExportProjectSourceZipWithNonExistingProject" time="0.005" />

      <testcase classname="com.google.appinventor.server.FileExporterImplTest" name="testExportProjectOutputFileWithNonExistingTarget" time="0.006" />

      <system-out><![CDATA[]]></system-out>

      <system-err><![CDATA[]]></system-err>

  </testsuite>
  <testsuite errors="0" failures="0" hostname="joshcaldwell-macbookpro2.roam.internal" id="10" name="FileImporterImplTest" package="com.google.appinventor.server" skipped="0" tests="8" time="0.035" timestamp="2025-02-15T04:38:58">
      <properties>
[...]
</properties>

      <testcase classname="com.google.appinventor.server.FileImporterImplTest" name="testImportProject" time="0.008" />

      <testcase classname="com.google.appinventor.server.FileImporterImplTest" name="testProjectNameUsed" time="0.004" />

      <testcase classname="com.google.appinventor.server.FileImporterImplTest" name="testEmptyZip" time="0.002" />

      <testcase classname="com.google.appinventor.server.FileImporterImplTest" name="testBuggyZip" time="0.001" />

      <testcase classname="com.google.appinventor.server.FileImporterImplTest" name="testNotAValidProjectArchive" time="0.002" />

      <testcase classname="com.google.appinventor.server.FileImporterImplTest" name="testImportProject_withProjectHistory" time="0.004" />

      <testcase classname="com.google.appinventor.server.FileImporterImplTest" name="testImportProject_withoutProjectHistory" time="0.004" />

      <testcase classname="com.google.appinventor.server.FileImporterImplTest" name="testImportProject_withAssets" time="0.008" />

      <system-out><![CDATA[]]></system-out>

      <system-err><![CDATA[]]></system-err>

  </testsuite>
  <testsuite errors="0" failures="0" hostname="joshcaldwell-macbookpro2.roam.internal" id="11" name="OdeAuthFilterTest" package="com.google.appinventor.server" skipped="0" tests="2" time="0.395" timestamp="2025-02-15T04:38:58">
      <properties>
[...]
</properties>

      <testcase classname="com.google.appinventor.server.OdeAuthFilterTest" name="testDoFilterShouldContinueFilterChainIfNotWhitelisted" time="0.376" />

      <testcase classname="com.google.appinventor.server.OdeAuthFilterTest" name="testDoFilterShouldNotContinueFilterChainIfNotWhitelisted" time="0.001" />

      <system-out><![CDATA[]]></system-out>

      <system-err><![CDATA[]]></system-err>

  </testsuite>
  <testsuite errors="0" failures="0" hostname="joshcaldwell-macbookpro2.roam.internal" id="12" name="ProjectServiceTest" package="com.google.appinventor.server" skipped="0" tests="5" time="1.179" timestamp="2025-02-15T04:38:59">
      <properties>
[...]
</properties>

      <testcase classname="com.google.appinventor.server.ProjectServiceTest" name="testProjectService" time="0.391" />

      <testcase classname="com.google.appinventor.server.ProjectServiceTest" name="testCopyProject" time="0.035" />

      <testcase classname="com.google.appinventor.server.ProjectServiceTest" name="testCreateManyYoungAndroidProjects" time="0.71" />

      <testcase classname="com.google.appinventor.server.ProjectServiceTest" name="testLoadAndStoreProjectSettings" time="0.014" />

      <testcase classname="com.google.appinventor.server.ProjectServiceTest" name="testNewYoungAndroidProject" time="0.013" />

      <system-out><![CDATA[]]></system-out>

      <system-err><![CDATA[]]></system-err>

  </testsuite>
  <testsuite errors="0" failures="0" hostname="joshcaldwell-macbookpro2.roam.internal" id="13" name="WhitelistTest" package="com.google.appinventor.server" skipped="0" tests="2" time="0.002" timestamp="2025-02-15T04:39:00">
      <properties>
[...]
</properties>

      <testcase classname="com.google.appinventor.server.WhitelistTest" name="testValidWhitelist" time="0.001" />

      <testcase classname="com.google.appinventor.server.WhitelistTest" name="testMissingWhitelist" time="0.0" />

      <system-out><![CDATA[]]></system-out>

      <system-err><![CDATA[]]></system-err>

  </testsuite>
  <testsuite errors="0" failures="0" hostname="joshcaldwell-macbookpro2.roam.internal" id="14" name="KeyczarEncryptorTest" package="com.google.appinventor.server.encryption" skipped="0" tests="2" time="0.13" timestamp="2025-02-15T04:39:00">
      <properties>
[...]
</properties>

      <testcase classname="com.google.appinventor.server.encryption.KeyczarEncryptorTest" name="testEncryptionDecryption" time="0.128" />

      <testcase classname="com.google.appinventor.server.encryption.KeyczarEncryptorTest" name="testDecryptionOfNotEncrypted" time="0.001" />

      <system-out><![CDATA[]]></system-out>

      <system-err><![CDATA[log4j:WARN No appenders could be found for logger (org.keyczar.Keyczar).
log4j:WARN Please initialize the log4j system properly.
]]></system-err>

  </testsuite>
  <testsuite errors="0" failures="0" hostname="joshcaldwell-macbookpro2.roam.internal" id="15" name="FlagTest" package="com.google.appinventor.server.flags" skipped="0" tests="5" time="0.001" timestamp="2025-02-15T04:39:00">
      <properties>
[...]
</properties>

      <testcase classname="com.google.appinventor.server.flags.FlagTest" name="testStringFlag" time="0.0" />

      <testcase classname="com.google.appinventor.server.flags.FlagTest" name="testsIntegerFlag" time="0.0" />

      <testcase classname="com.google.appinventor.server.flags.FlagTest" name="testsFloatFlag" time="0.0" />

      <testcase classname="com.google.appinventor.server.flags.FlagTest" name="testsBooleanFlag" time="0.0" />

      <testcase classname="com.google.appinventor.server.flags.FlagTest" name="testSetForTest" time="0.0" />

      <system-out><![CDATA[]]></system-out>

      <system-err><![CDATA[]]></system-err>

  </testsuite>
  <testsuite errors="0" failures="0" hostname="joshcaldwell-macbookpro2.roam.internal" id="16" name="SecurityTest" package="com.google.appinventor.server.project.utils" skipped="0" tests="1" time="0.004" timestamp="2025-02-15T04:39:00">
      <properties>
[...]
</properties>

      <testcase classname="com.google.appinventor.server.project.utils.SecurityTest" name="testUserAndProjectIdEncryption" time="0.003" />

      <system-out><![CDATA[]]></system-out>

      <system-err><![CDATA[]]></system-err>

  </testsuite>
  <testsuite errors="0" failures="0" hostname="joshcaldwell-macbookpro2.roam.internal" id="17" name="TempFilesTest" package="com.google.appinventor.server.project.utils" skipped="0" tests="1" time="0.005" timestamp="2025-02-15T04:39:00">
      <properties>
[...]
</properties>

      <testcase classname="com.google.appinventor.server.project.utils.TempFilesTest" name="testCreateAndDeleteTempFile" time="0.005" />

      <system-out><![CDATA[]]></system-out>

      <system-err><![CDATA[]]></system-err>

  </testsuite>
  <testsuite errors="0" failures="0" hostname="joshcaldwell-macbookpro2.roam.internal" id="18" name="YoungAndroidProjectServiceTest" package="com.google.appinventor.server.project.youngandroid" skipped="0" tests="1" time="0.0" timestamp="2025-02-15T04:39:00">
      <properties>
[...]
</properties>

      <testcase classname="com.google.appinventor.server.project.youngandroid.YoungAndroidProjectServiceTest" name="testBuildErrorMsgDoesntThrowNPE" time="0.0" />

      <system-out><![CDATA[]]></system-out>

      <system-err><![CDATA[]]></system-err>

  </testsuite>
  <testsuite errors="0" failures="0" hostname="joshcaldwell-macbookpro2.roam.internal" id="19" name="ObjectifyStorageIoTest" package="com.google.appinventor.server.storage" skipped="0" tests="22" time="0.164" timestamp="2025-02-15T04:39:00">
      <properties>
[...]
</properties>

      <testcase classname="com.google.appinventor.server.storage.ObjectifyStorageIoTest" name="testGetUser" time="0.006" />

      <testcase classname="com.google.appinventor.server.storage.ObjectifyStorageIoTest" name="testSetTosAccepted" time="0.004" />

      <testcase classname="com.google.appinventor.server.storage.ObjectifyStorageIoTest" name="testLoadSettingsNewUser" time="0.004" />

      <testcase classname="com.google.appinventor.server.storage.ObjectifyStorageIoTest" name="testStoreLoadSettings" time="0.006" />

      <testcase classname="com.google.appinventor.server.storage.ObjectifyStorageIoTest" name="testUploadBeforeAdd" time="0.004" />

      <testcase classname="com.google.appinventor.server.storage.ObjectifyStorageIoTest" name="testMuliRoleFile" time="0.004" />

      <testcase classname="com.google.appinventor.server.storage.ObjectifyStorageIoTest" name="testAddRemoveFile" time="0.01" />

      <testcase classname="com.google.appinventor.server.storage.ObjectifyStorageIoTest" name="testAddRemoveUserFile" time="0.009" />

      <testcase classname="com.google.appinventor.server.storage.ObjectifyStorageIoTest" name="testUnsupportedEncoding" time="0.031" />

      <testcase classname="com.google.appinventor.server.storage.ObjectifyStorageIoTest" name="testBlobFiles" time="0.012" />

      <testcase classname="com.google.appinventor.server.storage.ObjectifyStorageIoTest" name="testGetProject" time="0.003" />

      <testcase classname="com.google.appinventor.server.storage.ObjectifyStorageIoTest" name="testTempFiles" time="0.004" />

      <testcase classname="com.google.appinventor.server.storage.ObjectifyStorageIoTest" name="testExportProjectZip" time="0.013" />

      <testcase classname="com.google.appinventor.server.storage.ObjectifyStorageIoTest" name="testCreateProjectSuccessful" time="0.004" />

      <testcase classname="com.google.appinventor.server.storage.ObjectifyStorageIoTest" name="testCreateProjectFailFirst" time="0.003" />

      <testcase classname="com.google.appinventor.server.storage.ObjectifyStorageIoTest" name="testCreateProjectFailSecond" time="0.005" />

      <testcase classname="com.google.appinventor.server.storage.ObjectifyStorageIoTest" name="testUpdateModificationTime" time="0.009" />

      <testcase classname="com.google.appinventor.server.storage.ObjectifyStorageIoTest" name="testUnsupportedEncodingUserFIle" time="0.004" />

      <testcase classname="com.google.appinventor.server.storage.ObjectifyStorageIoTest" name="testOldBlockFilesInDatastoreStillWork" time="0.005" />

      <testcase classname="com.google.appinventor.server.storage.ObjectifyStorageIoTest" name="testGetProject_withNonexistentProject" time="0.003" />

      <testcase classname="com.google.appinventor.server.storage.ObjectifyStorageIoTest" name="testWrongUserThrowsException" time="0.006" />

      <testcase classname="com.google.appinventor.server.storage.ObjectifyStorageIoTest" name="testExportProjectZipNoSCM" time="0.012" />

      <system-out><![CDATA[]]></system-out>

      <system-err><![CDATA[]]></system-err>

  </testsuite>
  <testsuite errors="0" failures="0" hostname="joshcaldwell-macbookpro2.roam.internal" id="20" name="VersionStringTest" package="com.google.appinventor.server.util" skipped="0" tests="7" time="0.002" timestamp="2025-02-15T04:39:00">
      <properties>
[...]
</properties>

      <testcase classname="com.google.appinventor.server.util.VersionStringTest" name="testNumericallyEqual" time="0.001" />

      <testcase classname="com.google.appinventor.server.util.VersionStringTest" name="testMalformatted" time="0.0" />

      <testcase classname="com.google.appinventor.server.util.VersionStringTest" name="testEqualLengths" time="0.0" />

      <testcase classname="com.google.appinventor.server.util.VersionStringTest" name="testUnequalLengths" time="0.0" />

      <testcase classname="com.google.appinventor.server.util.VersionStringTest" name="testSorting" time="0.0" />

      <testcase classname="com.google.appinventor.server.util.VersionStringTest" name="testHashing" time="0.0" />

      <testcase classname="com.google.appinventor.server.util.VersionStringTest" name="testToString" time="0.001" />

      <system-out><![CDATA[]]></system-out>

      <system-err><![CDATA[]]></system-err>

  </testsuite>
  <testsuite errors="0" failures="0" hostname="joshcaldwell-macbookpro2.roam.internal" id="21" name="JSONUtilTest" package="com.google.appinventor.shared.properties.json" skipped="0" tests="2" time="0.062" timestamp="2025-02-15T04:38:56">
      <properties>
[...]
</properties>

      <testcase classname="com.google.appinventor.shared.properties.json.JSONUtilTest" name="testStringToJson" time="0.011" />

      <testcase classname="com.google.appinventor.shared.properties.json.JSONUtilTest" name="testStringToJsonWithI18nCharacters" time="0.001" />

      <system-out><![CDATA[]]></system-out>

      <system-err><![CDATA[]]></system-err>

  </testsuite>
  <testsuite errors="0" failures="0" hostname="joshcaldwell-macbookpro2.roam.internal" id="22" name="RpcResultTest" package="com.google.appinventor.shared.rpc" skipped="0" tests="6" time="0.003" timestamp="2025-02-15T04:38:56">
      <properties>
[...]
</properties>

      <testcase classname="com.google.appinventor.shared.rpc.RpcResultTest" name="testSuccess" time="0.001" />

      <testcase classname="com.google.appinventor.shared.rpc.RpcResultTest" name="testNonzero" time="0.0" />

      <testcase classname="com.google.appinventor.shared.rpc.RpcResultTest" name="testFailure" time="0.0" />

      <testcase classname="com.google.appinventor.shared.rpc.RpcResultTest" name="testFalse" time="0.0" />

      <testcase classname="com.google.appinventor.shared.rpc.RpcResultTest" name="testZero" time="0.0" />

      <testcase classname="com.google.appinventor.shared.rpc.RpcResultTest" name="testTrue" time="0.0" />

      <system-out><![CDATA[]]></system-out>

      <system-err><![CDATA[]]></system-err>

  </testsuite>
  <testsuite errors="0" failures="0" hostname="joshcaldwell-macbookpro2.roam.internal" id="23" name="UploadResponseTest" package="com.google.appinventor.shared.rpc" skipped="0" tests="4" time="0.003" timestamp="2025-02-15T04:38:56">
      <properties>
[...]
</properties>

      <testcase classname="com.google.appinventor.shared.rpc.UploadResponseTest" name="testExtractUploadResponseWithInternetExplorerInterference" time="0.001" />

      <testcase classname="com.google.appinventor.shared.rpc.UploadResponseTest" name="testExtractUploadResponseWithWhoDatExtension" time="0.0" />

      <testcase classname="com.google.appinventor.shared.rpc.UploadResponseTest" name="testExtractUploadResponse" time="0.0" />

      <testcase classname="com.google.appinventor.shared.rpc.UploadResponseTest" name="testExtractUploadResponseWithBlankInfo" time="0.001" />

      <system-out><![CDATA[]]></system-out>

      <system-err><![CDATA[]]></system-err>

  </testsuite>
  <testsuite errors="0" failures="0" hostname="joshcaldwell-macbookpro2.roam.internal" id="24" name="YoungAndroidSourceNodeTest" package="com.google.appinventor.shared.rpc.project.youngandroid" skipped="0" tests="1" time="0.002" timestamp="2025-02-15T04:38:56">
      <properties>
[...]
</properties>

      <testcase classname="com.google.appinventor.shared.rpc.project.youngandroid.YoungAndroidSourceNodeTest" name="testGetQualifiedName" time="0.001" />

      <system-out><![CDATA[]]></system-out>

      <system-err><![CDATA[]]></system-err>

  </testsuite>
  <testsuite errors="0" failures="0" hostname="joshcaldwell-macbookpro2.roam.internal" id="25" name="SettingsTest" package="com.google.appinventor.shared.settings" skipped="0" tests="1" time="0.001" timestamp="2025-02-15T04:38:56">
      <properties>
[...]
</properties>

      <testcase classname="com.google.appinventor.shared.settings.SettingsTest" name="testGetSettings" time="0.0" />

      <system-out><![CDATA[]]></system-out>

      <system-err><![CDATA[]]></system-err>

  </testsuite>
  <testsuite errors="0" failures="0" hostname="joshcaldwell-macbookpro2.roam.internal" id="26" name="StorageUtilTest" package="com.google.appinventor.shared.storage" skipped="0" tests="6" time="0.003" timestamp="2025-02-15T04:38:56">
      <properties>
[...]
</properties>

      <testcase classname="com.google.appinventor.shared.storage.StorageUtilTest" name="testBasename" time="0.0" />

      <testcase classname="com.google.appinventor.shared.storage.StorageUtilTest" name="testTrimOffExtension" time="0.001" />

      <testcase classname="com.google.appinventor.shared.storage.StorageUtilTest" name="testGetPackageName" time="0.0" />

      <testcase classname="com.google.appinventor.shared.storage.StorageUtilTest" name="testIsImageFile" time="0.0" />

      <testcase classname="com.google.appinventor.shared.storage.StorageUtilTest" name="testIsTextFile" time="0.0" />

      <testcase classname="com.google.appinventor.shared.storage.StorageUtilTest" name="testGetContentTypeForFilePath" time="0.001" />

      <system-out><![CDATA[]]></system-out>

      <system-err><![CDATA[]]></system-err>

  </testsuite>
  <testsuite errors="0" failures="0" hostname="joshcaldwell-macbookpro2.roam.internal" id="27" name="YoungAndroidSourceAnalyzerTest" package="com.google.appinventor.shared.youngandroid" skipped="0" tests="2" time="0.003" timestamp="2025-02-15T04:38:56">
      <properties>
[...]
</properties>

      <testcase classname="com.google.appinventor.shared.youngandroid.YoungAndroidSourceAnalyzerTest" name="testGenerateSourceFile" time="0.002" />

      <testcase classname="com.google.appinventor.shared.youngandroid.YoungAndroidSourceAnalyzerTest" name="testParseSourceFile" time="0.0" />

      <system-out><![CDATA[]]></system-out>

      <system-err><![CDATA[]]></system-err>

  </testsuite>
</testsuites>
