<?xml version="1.0" encoding="UTF-8" ?>
<testsuite errors="0" failures="0" hostname="joshcaldwell-macbookpro2.roam.internal" name="com.google.appinventor.client.RegistryTest" skipped="0" tests="2" time="0.006" timestamp="2025-02-15T04:38:55">
  <properties>
[...]
</properties>
  <testcase classname="com.google.appinventor.client.RegistryTest" name="testObjects" time="0.003"></testcase>
  <testcase classname="com.google.appinventor.client.RegistryTest" name="testClasses" time="0.0"></testcase>
  <system-out><![CDATA[]]></system-out>
  <system-err><![CDATA[]]></system-err>
</testsuite>
