<?xml version="1.0" encoding="UTF-8" ?>
<testsuite errors="0" failures="0" hostname="joshcaldwell-macbookpro2.roam.internal" name="com.google.appinventor.server.FileImporterImplTest" skipped="0" tests="8" time="0.035" timestamp="2025-02-15T04:38:58">
  <properties>
[...]
</properties>
  <testcase classname="com.google.appinventor.server.FileImporterImplTest" name="testImportProject" time="0.008" />
  <testcase classname="com.google.appinventor.server.FileImporterImplTest" name="testProjectNameUsed" time="0.004" />
  <testcase classname="com.google.appinventor.server.FileImporterImplTest" name="testEmptyZip" time="0.002" />
  <testcase classname="com.google.appinventor.server.FileImporterImplTest" name="testBuggyZip" time="0.001" />
  <testcase classname="com.google.appinventor.server.FileImporterImplTest" name="testNotAValidProjectArchive" time="0.002" />
  <testcase classname="com.google.appinventor.server.FileImporterImplTest" name="testImportProject_withProjectHistory" time="0.004" />
  <testcase classname="com.google.appinventor.server.FileImporterImplTest" name="testImportProject_withoutProjectHistory" time="0.004" />
  <testcase classname="com.google.appinventor.server.FileImporterImplTest" name="testImportProject_withAssets" time="0.008" />
  <system-out><![CDATA[]]></system-out>
  <system-err><![CDATA[]]></system-err>
</testsuite>
