<?xml version="1.0" encoding="UTF-8" ?>
<testsuite errors="0" failures="0" hostname="joshcaldwell-macbookpro2.roam.internal" name="com.google.appinventor.shared.properties.json.JSONUtilTest" skipped="0" tests="2" time="0.062" timestamp="2025-02-15T04:38:56">
  <properties>
[...]
</properties>
  <testcase classname="com.google.appinventor.shared.properties.json.JSONUtilTest" name="testStringToJson" time="0.011" />
  <testcase classname="com.google.appinventor.shared.properties.json.JSONUtilTest" name="testStringToJsonWithI18nCharacters" time="0.001" />
  <system-out><![CDATA[]]></system-out>
  <system-err><![CDATA[]]></system-err>
</testsuite>
