<?xml version="1.0" encoding="UTF-8" ?>
<testsuite errors="0" failures="9" hostname="joshcaldwell-macbookpro2.roam.internal" name="com.google.appinventor.blocklyeditor.BlocklyCodeGeneratorTest" skipped="0" tests="9" time="0.086" timestamp="2025-02-15T04:39:01">
  <properties>
[...]
</properties>
  <testcase classname="com.google.appinventor.blocklyeditor.BlocklyCodeGeneratorTest" name="testControlsEvalButIgnore" time="0.009">
    <failure message="null expected:&lt;[true]&gt; but was:&lt;[]&gt;" type="junit.framework.ComparisonFailure">junit.framework.ComparisonFailure: null expected:&lt;[true]&gt; but was:&lt;[]&gt;
	at com.google.appinventor.blocklyeditor.BlocklyCodeGeneratorTest.testControlsEvalButIgnore(BlocklyCodeGeneratorTest.java:74)
</failure>
  </testcase>
  <testcase classname="com.google.appinventor.blocklyeditor.BlocklyCodeGeneratorTest" name="testTextSplitAtFirstOfAny" time="0.005">
    <failure message="null expected:&lt;[true]&gt; but was:&lt;[]&gt;" type="junit.framework.ComparisonFailure">junit.framework.ComparisonFailure: null expected:&lt;[true]&gt; but was:&lt;[]&gt;
	at com.google.appinventor.blocklyeditor.BlocklyCodeGeneratorTest.testTextSplitAtFirstOfAny(BlocklyCodeGeneratorTest.java:68)
</failure>
  </testcase>
  <testcase classname="com.google.appinventor.blocklyeditor.BlocklyCodeGeneratorTest" name="testListsJoinWithSeparator" time="0.003">
    <failure message="null expected:&lt;[true]&gt; but was:&lt;[]&gt;" type="junit.framework.ComparisonFailure">junit.framework.ComparisonFailure: null expected:&lt;[true]&gt; but was:&lt;[]&gt;
	at com.google.appinventor.blocklyeditor.BlocklyCodeGeneratorTest.testListsJoinWithSeparator(BlocklyCodeGeneratorTest.java:80)
</failure>
  </testcase>
  <testcase classname="com.google.appinventor.blocklyeditor.BlocklyCodeGeneratorTest" name="testTextSplitAtAny" time="0.003">
    <failure message="null expected:&lt;[true]&gt; but was:&lt;[]&gt;" type="junit.framework.ComparisonFailure">junit.framework.ComparisonFailure: null expected:&lt;[true]&gt; but was:&lt;[]&gt;
	at com.google.appinventor.blocklyeditor.BlocklyCodeGeneratorTest.testTextSplitAtAny(BlocklyCodeGeneratorTest.java:62)
</failure>
  </testcase>
  <testcase classname="com.google.appinventor.blocklyeditor.BlocklyCodeGeneratorTest" name="testTextSplitAtFirst" time="0.003">
    <failure message="null expected:&lt;[true]&gt; but was:&lt;[]&gt;" type="junit.framework.ComparisonFailure">junit.framework.ComparisonFailure: null expected:&lt;[true]&gt; but was:&lt;[]&gt;
	at com.google.appinventor.blocklyeditor.BlocklyCodeGeneratorTest.testTextSplitAtFirst(BlocklyCodeGeneratorTest.java:56)
</failure>
  </testcase>
  <testcase classname="com.google.appinventor.blocklyeditor.BlocklyCodeGeneratorTest" name="testTextSplit" time="0.007">
    <failure message="null expected:&lt;[true]&gt; but was:&lt;[]&gt;" type="junit.framework.ComparisonFailure">junit.framework.ComparisonFailure: null expected:&lt;[true]&gt; but was:&lt;[]&gt;
	at com.google.appinventor.blocklyeditor.BlocklyCodeGeneratorTest.testTextSplit(BlocklyCodeGeneratorTest.java:50)
</failure>
  </testcase>
  <testcase classname="com.google.appinventor.blocklyeditor.BlocklyCodeGeneratorTest" name="testListsSelectItem" time="0.003">
    <failure message="null expected:&lt;[true]&gt; but was:&lt;[]&gt;" type="junit.framework.ComparisonFailure">junit.framework.ComparisonFailure: null expected:&lt;[true]&gt; but was:&lt;[]&gt;
	at com.google.appinventor.blocklyeditor.BlocklyCodeGeneratorTest.testListsSelectItem(BlocklyCodeGeneratorTest.java:44)
</failure>
  </testcase>
  <testcase classname="com.google.appinventor.blocklyeditor.BlocklyCodeGeneratorTest" name="testListsAddItems" time="0.002">
    <failure message="null expected:&lt;[true]&gt; but was:&lt;[]&gt;" type="junit.framework.ComparisonFailure">junit.framework.ComparisonFailure: null expected:&lt;[true]&gt; but was:&lt;[]&gt;
	at com.google.appinventor.blocklyeditor.BlocklyCodeGeneratorTest.testListsAddItems(BlocklyCodeGeneratorTest.java:38)
</failure>
  </testcase>
  <testcase classname="com.google.appinventor.blocklyeditor.BlocklyCodeGeneratorTest" name="testListsCreateList" time="0.003">
    <failure message="null expected:&lt;[true]&gt; but was:&lt;[]&gt;" type="junit.framework.ComparisonFailure">junit.framework.ComparisonFailure: null expected:&lt;[true]&gt; but was:&lt;[]&gt;
	at com.google.appinventor.blocklyeditor.BlocklyCodeGeneratorTest.testListsCreateList(BlocklyCodeGeneratorTest.java:32)
</failure>
  </testcase>
  <system-out><![CDATA[CodeBlocksProcessHelper: Error trying to exec command: Cannot run program "phantomjs": error=2, No such file or directory
CodeBlocksProcessHelper: Error trying to exec command: Cannot run program "phantomjs": error=2, No such file or directory
CodeBlocksProcessHelper: Error trying to exec command: Cannot run program "phantomjs": error=2, No such file or directory
CodeBlocksProcessHelper: Error trying to exec command: Cannot run program "phantomjs": error=2, No such file or directory
CodeBlocksProcessHelper: Error trying to exec command: Cannot run program "phantomjs": error=2, No such file or directory
CodeBlocksProcessHelper: Error trying to exec command: Cannot run program "phantomjs": error=2, No such file or directory
CodeBlocksProcessHelper: Error trying to exec command: Cannot run program "phantomjs": error=2, No such file or directory
CodeBlocksProcessHelper: Error trying to exec command: Cannot run program "phantomjs": error=2, No such file or directory
CodeBlocksProcessHelper: Error trying to exec command: Cannot run program "phantomjs": error=2, No such file or directory
]]></system-out>
  <system-err><![CDATA[java.io.IOException: 
	at com.google.appinventor.blocklyeditor.CodeBlocksProcessHelper.exec(CodeBlocksProcessHelper.java:122)
	at com.google.appinventor.blocklyeditor.BlocklyTestUtils.generatorTest(BlocklyTestUtils.java:25)
	at com.google.appinventor.blocklyeditor.BlocklyCodeGeneratorTest.testControlsEvalButIgnore(BlocklyCodeGeneratorTest.java:72)
	at sun.reflect.NativeMethodAccessorImpl.invoke0(Native Method)
	at sun.reflect.NativeMethodAccessorImpl.invoke(NativeMethodAccessorImpl.java:62)
	at sun.reflect.DelegatingMethodAccessorImpl.invoke(DelegatingMethodAccessorImpl.java:43)
	at java.lang.reflect.Method.invoke(Method.java:498)
	at junit.framework.TestCase.runTest(TestCase.java:168)
	at junit.framework.TestCase.runBare(TestCase.java:134)
	at junit.framework.TestResult$1.protect(TestResult.java:110)
	at junit.framework.TestResult.runProtected(TestResult.java:128)
	at junit.framework.TestResult.run(TestResult.java:113)
	at junit.framework.TestCase.run(TestCase.java:124)
	at junit.framework.TestSuite.runTest(TestSuite.java:243)
	at junit.framework.TestSuite.run(TestSuite.java:238)
	at org.apache.tools.ant.taskdefs.optional.junit.JUnitTestRunner.run(JUnitTestRunner.java:535)
	at org.apache.tools.ant.taskdefs.optional.junit.JUnitTestRunner.launch(JUnitTestRunner.java:1197)
	at org.apache.tools.ant.taskdefs.optional.junit.JUnitTestRunner.main(JUnitTestRunner.java:1015)
java.io.IOException: 
	at com.google.appinventor.blocklyeditor.CodeBlocksProcessHelper.exec(CodeBlocksProcessHelper.java:122)
	at com.google.appinventor.blocklyeditor.BlocklyTestUtils.generatorTest(BlocklyTestUtils.java:25)
	at com.google.appinventor.blocklyeditor.BlocklyCodeGeneratorTest.testTextSplitAtFirstOfAny(BlocklyCodeGeneratorTest.java:66)
	at sun.reflect.NativeMethodAccessorImpl.invoke0(Native Method)
	at sun.reflect.NativeMethodAccessorImpl.invoke(NativeMethodAccessorImpl.java:62)
	at sun.reflect.DelegatingMethodAccessorImpl.invoke(DelegatingMethodAccessorImpl.java:43)
	at java.lang.reflect.Method.invoke(Method.java:498)
	at junit.framework.TestCase.runTest(TestCase.java:168)
	at junit.framework.TestCase.runBare(TestCase.java:134)
	at junit.framework.TestResult$1.protect(TestResult.java:110)
	at junit.framework.TestResult.runProtected(TestResult.java:128)
	at junit.framework.TestResult.run(TestResult.java:113)
	at junit.framework.TestCase.run(TestCase.java:124)
	at junit.framework.TestSuite.runTest(TestSuite.java:243)
	at junit.framework.TestSuite.run(TestSuite.java:238)
	at org.apache.tools.ant.taskdefs.optional.junit.JUnitTestRunner.run(JUnitTestRunner.java:535)
	at org.apache.tools.ant.taskdefs.optional.junit.JUnitTestRunner.launch(JUnitTestRunner.java:1197)
	at org.apache.tools.ant.taskdefs.optional.junit.JUnitTestRunner.main(JUnitTestRunner.java:1015)
java.io.IOException: 
	at com.google.appinventor.blocklyeditor.CodeBlocksProcessHelper.exec(CodeBlocksProcessHelper.java:122)
	at com.google.appinventor.blocklyeditor.BlocklyTestUtils.generatorTest(BlocklyTestUtils.java:25)
	at com.google.appinventor.blocklyeditor.BlocklyCodeGeneratorTest.testListsJoinWithSeparator(BlocklyCodeGeneratorTest.java:78)
	at sun.reflect.NativeMethodAccessorImpl.invoke0(Native Method)
	at sun.reflect.NativeMethodAccessorImpl.invoke(NativeMethodAccessorImpl.java:62)
	at sun.reflect.DelegatingMethodAccessorImpl.invoke(DelegatingMethodAccessorImpl.java:43)
	at java.lang.reflect.Method.invoke(Method.java:498)
	at junit.framework.TestCase.runTest(TestCase.java:168)
	at junit.framework.TestCase.runBare(TestCase.java:134)
	at junit.framework.TestResult$1.protect(TestResult.java:110)
	at junit.framework.TestResult.runProtected(TestResult.java:128)
	at junit.framework.TestResult.run(TestResult.java:113)
	at junit.framework.TestCase.run(TestCase.java:124)
	at junit.framework.TestSuite.runTest(TestSuite.java:243)
	at junit.framework.TestSuite.run(TestSuite.java:238)
	at org.apache.tools.ant.taskdefs.optional.junit.JUnitTestRunner.run(JUnitTestRunner.java:535)
	at org.apache.tools.ant.taskdefs.optional.junit.JUnitTestRunner.launch(JUnitTestRunner.java:1197)
	at org.apache.tools.ant.taskdefs.optional.junit.JUnitTestRunner.main(JUnitTestRunner.java:1015)
java.io.IOException: 
	at com.google.appinventor.blocklyeditor.CodeBlocksProcessHelper.exec(CodeBlocksProcessHelper.java:122)
	at com.google.appinventor.blocklyeditor.BlocklyTestUtils.generatorTest(BlocklyTestUtils.java:25)
	at com.google.appinventor.blocklyeditor.BlocklyCodeGeneratorTest.testTextSplitAtAny(BlocklyCodeGeneratorTest.java:60)
	at sun.reflect.NativeMethodAccessorImpl.invoke0(Native Method)
	at sun.reflect.NativeMethodAccessorImpl.invoke(NativeMethodAccessorImpl.java:62)
	at sun.reflect.DelegatingMethodAccessorImpl.invoke(DelegatingMethodAccessorImpl.java:43)
	at java.lang.reflect.Method.invoke(Method.java:498)
	at junit.framework.TestCase.runTest(TestCase.java:168)
	at junit.framework.TestCase.runBare(TestCase.java:134)
	at junit.framework.TestResult$1.protect(TestResult.java:110)
	at junit.framework.TestResult.runProtected(TestResult.java:128)
	at junit.framework.TestResult.run(TestResult.java:113)
	at junit.framework.TestCase.run(TestCase.java:124)
	at junit.framework.TestSuite.runTest(TestSuite.java:243)
	at junit.framework.TestSuite.run(TestSuite.java:238)
	at org.apache.tools.ant.taskdefs.optional.junit.JUnitTestRunner.run(JUnitTestRunner.java:535)
	at org.apache.tools.ant.taskdefs.optional.junit.JUnitTestRunner.launch(JUnitTestRunner.java:1197)
	at org.apache.tools.ant.taskdefs.optional.junit.JUnitTestRunner.main(JUnitTestRunner.java:1015)
java.io.IOException: 
	at com.google.appinventor.blocklyeditor.CodeBlocksProcessHelper.exec(CodeBlocksProcessHelper.java:122)
	at com.google.appinventor.blocklyeditor.BlocklyTestUtils.generatorTest(BlocklyTestUtils.java:25)
	at com.google.appinventor.blocklyeditor.BlocklyCodeGeneratorTest.testTextSplitAtFirst(BlocklyCodeGeneratorTest.java:54)
	at sun.reflect.NativeMethodAccessorImpl.invoke0(Native Method)
	at sun.reflect.NativeMethodAccessorImpl.invoke(NativeMethodAccessorImpl.java:62)
	at sun.reflect.DelegatingMethodAccessorImpl.invoke(DelegatingMethodAccessorImpl.java:43)
	at java.lang.reflect.Method.invoke(Method.java:498)
	at junit.framework.TestCase.runTest(TestCase.java:168)
	at junit.framework.TestCase.runBare(TestCase.java:134)
	at junit.framework.TestResult$1.protect(TestResult.java:110)
	at junit.framework.TestResult.runProtected(TestResult.java:128)
	at junit.framework.TestResult.run(TestResult.java:113)
	at junit.framework.TestCase.run(TestCase.java:124)
	at junit.framework.TestSuite.runTest(TestSuite.java:243)
	at junit.framework.TestSuite.run(TestSuite.java:238)
	at org.apache.tools.ant.taskdefs.optional.junit.JUnitTestRunner.run(JUnitTestRunner.java:535)
	at org.apache.tools.ant.taskdefs.optional.junit.JUnitTestRunner.launch(JUnitTestRunner.java:1197)
	at org.apache.tools.ant.taskdefs.optional.junit.JUnitTestRunner.main(JUnitTestRunner.java:1015)
java.io.IOException: 
	at com.google.appinventor.blocklyeditor.CodeBlocksProcessHelper.exec(CodeBlocksProcessHelper.java:122)
	at com.google.appinventor.blocklyeditor.BlocklyTestUtils.generatorTest(BlocklyTestUtils.java:25)
	at com.google.appinventor.blocklyeditor.BlocklyCodeGeneratorTest.testTextSplit(BlocklyCodeGeneratorTest.java:48)
	at sun.reflect.NativeMethodAccessorImpl.invoke0(Native Method)
	at sun.reflect.NativeMethodAccessorImpl.invoke(NativeMethodAccessorImpl.java:62)
	at sun.reflect.DelegatingMethodAccessorImpl.invoke(DelegatingMethodAccessorImpl.java:43)
	at java.lang.reflect.Method.invoke(Method.java:498)
	at junit.framework.TestCase.runTest(TestCase.java:168)
	at junit.framework.TestCase.runBare(TestCase.java:134)
	at junit.framework.TestResult$1.protect(TestResult.java:110)
	at junit.framework.TestResult.runProtected(TestResult.java:128)
	at junit.framework.TestResult.run(TestResult.java:113)
	at junit.framework.TestCase.run(TestCase.java:124)
	at junit.framework.TestSuite.runTest(TestSuite.java:243)
	at junit.framework.TestSuite.run(TestSuite.java:238)
	at org.apache.tools.ant.taskdefs.optional.junit.JUnitTestRunner.run(JUnitTestRunner.java:535)
	at org.apache.tools.ant.taskdefs.optional.junit.JUnitTestRunner.launch(JUnitTestRunner.java:1197)
	at org.apache.tools.ant.taskdefs.optional.junit.JUnitTestRunner.main(JUnitTestRunner.java:1015)
java.io.IOException: 
	at com.google.appinventor.blocklyeditor.CodeBlocksProcessHelper.exec(CodeBlocksProcessHelper.java:122)
	at com.google.appinventor.blocklyeditor.BlocklyTestUtils.generatorTest(BlocklyTestUtils.java:25)
	at com.google.appinventor.blocklyeditor.BlocklyCodeGeneratorTest.testListsSelectItem(BlocklyCodeGeneratorTest.java:42)
	at sun.reflect.NativeMethodAccessorImpl.invoke0(Native Method)
	at sun.reflect.NativeMethodAccessorImpl.invoke(NativeMethodAccessorImpl.java:62)
	at sun.reflect.DelegatingMethodAccessorImpl.invoke(DelegatingMethodAccessorImpl.java:43)
	at java.lang.reflect.Method.invoke(Method.java:498)
	at junit.framework.TestCase.runTest(TestCase.java:168)
	at junit.framework.TestCase.runBare(TestCase.java:134)
	at junit.framework.TestResult$1.protect(TestResult.java:110)
	at junit.framework.TestResult.runProtected(TestResult.java:128)
	at junit.framework.TestResult.run(TestResult.java:113)
	at junit.framework.TestCase.run(TestCase.java:124)
	at junit.framework.TestSuite.runTest(TestSuite.java:243)
	at junit.framework.TestSuite.run(TestSuite.java:238)
	at org.apache.tools.ant.taskdefs.optional.junit.JUnitTestRunner.run(JUnitTestRunner.java:535)
	at org.apache.tools.ant.taskdefs.optional.junit.JUnitTestRunner.launch(JUnitTestRunner.java:1197)
	at org.apache.tools.ant.taskdefs.optional.junit.JUnitTestRunner.main(JUnitTestRunner.java:1015)
java.io.IOException: 
	at com.google.appinventor.blocklyeditor.CodeBlocksProcessHelper.exec(CodeBlocksProcessHelper.java:122)
	at com.google.appinventor.blocklyeditor.BlocklyTestUtils.generatorTest(BlocklyTestUtils.java:25)
	at com.google.appinventor.blocklyeditor.BlocklyCodeGeneratorTest.testListsAddItems(BlocklyCodeGeneratorTest.java:36)
	at sun.reflect.NativeMethodAccessorImpl.invoke0(Native Method)
	at sun.reflect.NativeMethodAccessorImpl.invoke(NativeMethodAccessorImpl.java:62)
	at sun.reflect.DelegatingMethodAccessorImpl.invoke(DelegatingMethodAccessorImpl.java:43)
	at java.lang.reflect.Method.invoke(Method.java:498)
	at junit.framework.TestCase.runTest(TestCase.java:168)
	at junit.framework.TestCase.runBare(TestCase.java:134)
	at junit.framework.TestResult$1.protect(TestResult.java:110)
	at junit.framework.TestResult.runProtected(TestResult.java:128)
	at junit.framework.TestResult.run(TestResult.java:113)
	at junit.framework.TestCase.run(TestCase.java:124)
	at junit.framework.TestSuite.runTest(TestSuite.java:243)
	at junit.framework.TestSuite.run(TestSuite.java:238)
	at org.apache.tools.ant.taskdefs.optional.junit.JUnitTestRunner.run(JUnitTestRunner.java:535)
	at org.apache.tools.ant.taskdefs.optional.junit.JUnitTestRunner.launch(JUnitTestRunner.java:1197)
	at org.apache.tools.ant.taskdefs.optional.junit.JUnitTestRunner.main(JUnitTestRunner.java:1015)
java.io.IOException: 
	at com.google.appinventor.blocklyeditor.CodeBlocksProcessHelper.exec(CodeBlocksProcessHelper.java:122)
	at com.google.appinventor.blocklyeditor.BlocklyTestUtils.generatorTest(BlocklyTestUtils.java:25)
	at com.google.appinventor.blocklyeditor.BlocklyCodeGeneratorTest.testListsCreateList(BlocklyCodeGeneratorTest.java:30)
	at sun.reflect.NativeMethodAccessorImpl.invoke0(Native Method)
	at sun.reflect.NativeMethodAccessorImpl.invoke(NativeMethodAccessorImpl.java:62)
	at sun.reflect.DelegatingMethodAccessorImpl.invoke(DelegatingMethodAccessorImpl.java:43)
	at java.lang.reflect.Method.invoke(Method.java:498)
	at junit.framework.TestCase.runTest(TestCase.java:168)
	at junit.framework.TestCase.runBare(TestCase.java:134)
	at junit.framework.TestResult$1.protect(TestResult.java:110)
	at junit.framework.TestResult.runProtected(TestResult.java:128)
	at junit.framework.TestResult.run(TestResult.java:113)
	at junit.framework.TestCase.run(TestCase.java:124)
	at junit.framework.TestSuite.runTest(TestSuite.java:243)
	at junit.framework.TestSuite.run(TestSuite.java:238)
	at org.apache.tools.ant.taskdefs.optional.junit.JUnitTestRunner.run(JUnitTestRunner.java:535)
	at org.apache.tools.ant.taskdefs.optional.junit.JUnitTestRunner.launch(JUnitTestRunner.java:1197)
	at org.apache.tools.ant.taskdefs.optional.junit.JUnitTestRunner.main(JUnitTestRunner.java:1015)
]]></system-err>
</testsuite>
